27/08/2025 12:13:00 - ERRO: FormatException - The input string 'Fifa' was not in a correct format.
StackTrace:    at System.Number.ThrowFormatException[TChar](ReadOnlySpan`1 value)
   at System.Convert.ToInt32(String value)
   at Program.RealizarDevolucao() in C:\Users\veget\OneDrive\Documentos\Ludoteca.NET\src\Ludoteca\Program.cs:line 132
   at Program.Main(String[] args) in C:\Users\veget\OneDrive\Documentos\Ludoteca.NET\src\Ludoteca\Program.cs:line 33

27/08/2025 12:13:21 - ERRO: FormatException - The input string '' was not in a correct format.
StackTrace:    at System.Number.ThrowFormatException[TChar](ReadOnlySpan`1 value)
   at System.Convert.ToInt32(String value)
   at Program.RealizarEmprestimo() in C:\Users\veget\OneDrive\Documentos\Ludoteca.NET\src\Ludoteca\Program.cs:line 121
   at Program.Main(String[] args) in C:\Users\veget\OneDrive\Documentos\Ludoteca.NET\src\Ludoteca\Program.cs:line 30

08/09/2025 14:21:31 - ERRO: FormatException - The input string '' was not in a correct format.
StackTrace:    at System.Number.ThrowFormatException[TChar](ReadOnlySpan`1 value)
   at System.Convert.ToInt32(String value)
   at Program.RealizarEmprestimo() in C:\Users\veget\OneDrive\Documentos\Ludoteca.NET\src\Ludoteca\Program.cs:line 121
   at Program.Main(String[] args) in C:\Users\veget\OneDrive\Documentos\Ludoteca.NET\src\Ludoteca\Program.cs:line 30

08/09/2025 14:39:32 - ERRO: FormatException - The input string '' was not in a correct format.
StackTrace:    at System.Number.ThrowFormatException[TChar](ReadOnlySpan`1 value)
   at System.Convert.ToInt32(String value)
   at Program.RealizarEmprestimo() in C:\Users\veget\OneDrive\Documentos\Ludoteca.NET\src\Ludoteca\Program.cs:line 123
   at Program.Main(String[] args) in C:\Users\veget\OneDrive\Documentos\Ludoteca.NET\src\Ludoteca\Program.cs:line 30

08/09/2025 14:40:18 - ERRO: ArgumentException - Membro não encontrado com o ID informado.
StackTrace:    at Ludoteca.Services.BibliotecaService.EmprestarJogo(Int32 jogoId, Int32 membroId) in C:\Users\veget\OneDrive\Documentos\Ludoteca.NET\src\Ludoteca\Services\BibliotecaService.cs:line 56
   at Program.RealizarEmprestimo() in C:\Users\veget\OneDrive\Documentos\Ludoteca.NET\src\Ludoteca\Program.cs:line 125
   at Program.Main(String[] args) in C:\Users\veget\OneDrive\Documentos\Ludoteca.NET\src\Ludoteca\Program.cs:line 30

